<?xml version="1.0" encoding="UTF-8"?>
<!-- Generated by org.testng.reporters.JUnitXMLReporter -->
<testsuite hostname="SAMSUNG-PC" ignored="0" name="Free CRM Test Cases" tests="4" failures="0" timestamp="22 Apr 2020 12:46:08 GMT" time="92.524" errors="0">
  <testcase name="verifycontactsLOGO" time="0.233" classname="com.qa.freeCRM.TestCases.ContactsPageTest"/>
  <testcase name="titleTest" time="0.015" classname="com.qa.freeCRM.TestCases.LoginPageTest"/>
  <testcase name="selectContactsTest" time="5.994" classname="com.qa.freeCRM.TestCases.ContactsPageTest"/>
  <testcase name="loginTest" time="0.518" classname="com.qa.freeCRM.TestCases.LoginPageTest"/>
</testsuite> <!-- Free CRM Test Cases -->
